<?xml version="1.0" encoding="UTF-8"?>
<testng-results ignored="0" total="2" passed="2" failed="0" skipped="0">
  <reporter-output>
  </reporter-output>
  <suite started-at="2026-04-03T18:40:44 IST" name="Default suite" finished-at="2026-04-03T18:41:46 IST" duration-ms="61850">
    <groups>
      <group name="cucumber">
        <method signature="AbstractTestNGCucumberTests.runScenario(io.cucumber.testng.PickleWrapper,io.cucumber.testng.FeatureWrapper)[pri:0, instance:testRunner.TestRunner@752325ad]" name="runScenario" class="io.cucumber.testng.AbstractTestNGCucumberTests"/>
      </group> <!-- cucumber -->
    </groups>
    <test started-at="2026-04-03T18:40:44 IST" name="Default test" finished-at="2026-04-03T18:41:46 IST" duration-ms="61850">
      <class name="testRunner.TestRunner">
        <test-method is-config="true" signature="setUpClass(org.testng.ITestContext)[pri:0, instance:testRunner.TestRunner@752325ad]" started-at="2026-04-03T18:40:44 IST" name="setUpClass" finished-at="2026-04-03T18:40:45 IST" duration-ms="782" status="PASS">
          <params>
            <param index="0">
              <value>
                <![CDATA[org.testng.TestRunner@32fa809f]]>
              </value>
            </param>
          </params>
          <reporter-output>
          </reporter-output>
        </test-method> <!-- setUpClass -->
        <test-method signature="runScenario(io.cucumber.testng.PickleWrapper,io.cucumber.testng.FeatureWrapper)[pri:0, instance:testRunner.TestRunner@752325ad]" started-at="2026-04-03T18:40:45 IST" name="runScenario" description="Runs Cucumber Scenarios" data-provider="scenarios" finished-at="2026-04-03T18:41:15 IST" duration-ms="29599" status="PASS">
          <params>
            <param index="0">
              <value>
                <![CDATA["Verify clickable usernames in Buzz Latest Posts widget"]]>
              </value>
            </param>
            <param index="1">
              <value>
                <![CDATA["Dashboard functionality"]]>
              </value>
            </param>
          </params>
          <reporter-output>
          </reporter-output>
        </test-method> <!-- runScenario -->
        <test-method signature="runScenario(io.cucumber.testng.PickleWrapper,io.cucumber.testng.FeatureWrapper)[pri:0, instance:testRunner.TestRunner@752325ad]" started-at="2026-04-03T18:41:15 IST" name="runScenario" description="Runs Cucumber Scenarios" data-provider="scenarios" finished-at="2026-04-03T18:41:46 IST" duration-ms="31288" status="PASS">
          <params>
            <param index="0">
              <value>
                <![CDATA["Verify clickable usernames in Buzz Latest Posts widget"]]>
              </value>
            </param>
            <param index="1">
              <value>
                <![CDATA["Dashboard functionality"]]>
              </value>
            </param>
          </params>
          <reporter-output>
          </reporter-output>
        </test-method> <!-- runScenario -->
        <test-method is-config="true" signature="tearDownClass()[pri:0, instance:testRunner.TestRunner@752325ad]" started-at="2026-04-03T18:41:46 IST" name="tearDownClass" finished-at="2026-04-03T18:41:46 IST" duration-ms="124" status="PASS">
          <reporter-output>
          </reporter-output>
        </test-method> <!-- tearDownClass -->
      </class> <!-- testRunner.TestRunner -->
    </test> <!-- Default test -->
  </suite> <!-- Default suite -->
</testng-results>
