<?xml version="1.0" encoding="UTF-8"?>
<!-- Generated by org.testng.reporters.JUnitReportReporter -->
<testsuite hostname="MacBook-Pro.local" failures="0" tests="6" name="testRunner.TestRunner" time="161.716" errors="1" timestamp="2026-03-07T18:56:47 IST" skipped="0">
  <testcase classname="testRunner.TestRunner" name="runScenario" time="38.970"/>
  <testcase classname="testRunner.TestRunner" name="runScenario" time="30.785"/>
  <testcase classname="testRunner.TestRunner" name="tearDownClass" time="0.024">
    <error message="No value present" type="java.util.NoSuchElementException">
      <![CDATA[java.util.NoSuchElementException: No value present
at java.base/java.util.Optional.get(Optional.java:143)
at io.cucumber.core.plugin.TestSourcesModel.processScenarioOutlineExamples(TestSourcesModel.java:174)
at io.cucumber.core.plugin.TestSourcesModel.processScenarioDefinition(TestSourcesModel.java:159)
at io.cucumber.core.plugin.TestSourcesModel.lambda$processFeatureDefinition$1(TestSourcesModel.java:134)
at java.base/java.util.Optional.ifPresent(Optional.java:178)
at io.cucumber.core.plugin.TestSourcesModel.processFeatureDefinition(TestSourcesModel.java:134)
at io.cucumber.core.plugin.TestSourcesModel.parseGherkinSource(TestSourcesModel.java:126)
at io.cucumber.core.plugin.TestSourcesModel.getFeature(TestSourcesModel.java:92)
at io.cucumber.core.plugin.JsonFormatter.createFeatureMap(JsonFormatter.java:158)
at io.cucumber.core.plugin.JsonFormatter.handleTestCaseStarted(JsonFormatter.java:88)
at io.cucumber.core.eventbus.AbstractEventPublisher.send(AbstractEventPublisher.java:51)
at io.cucumber.core.eventbus.AbstractEventPublisher.sendAll(AbstractEventPublisher.java:36)
at io.cucumber.core.plugin.CanonicalOrderEventPublisher.handle(CanonicalOrderEventPublisher.java:18)
at io.cucumber.core.eventbus.AbstractEventPublisher.send(AbstractEventPublisher.java:44)
at io.cucumber.core.eventbus.AbstractEventBus.send(AbstractEventBus.java:12)
at io.cucumber.core.runtime.SynchronizedEventBus.send(SynchronizedEventBus.java:47)
at io.cucumber.core.runtime.CucumberExecutionContext.emitTestRunFinished(CucumberExecutionContext.java:118)
at io.cucumber.core.runtime.CucumberExecutionContext.finishTestRun(CucumberExecutionContext.java:105)
at io.cucumber.testng.TestNGCucumberRunner.finish(TestNGCucumberRunner.java:145)
at io.cucumber.testng.AbstractTestNGCucumberTests.tearDownClass(AbstractTestNGCucumberTests.java:57)
at java.base/jdk.internal.reflect.DirectMethodHandleAccessor.invoke(DirectMethodHandleAccessor.java:103)
at java.base/java.lang.reflect.Method.invoke(Method.java:580)
at org.testng.internal.invokers.MethodInvocationHelper.invokeMethod(MethodInvocationHelper.java:139)
at org.testng.internal.invokers.MethodInvocationHelper.invokeMethodConsideringTimeout(MethodInvocationHelper.java:69)
at org.testng.internal.invokers.ConfigInvoker.invokeConfigurationMethod(ConfigInvoker.java:393)
at org.testng.internal.invokers.ConfigInvoker.invokeConfigurations(ConfigInvoker.java:326)
at org.testng.internal.invokers.TestMethodWorker.invokeAfterClassConfigurations(TestMethodWorker.java:229)
at org.testng.internal.invokers.TestMethodWorker.invokeAfterClassMethods(TestMethodWorker.java:215)
at org.testng.internal.invokers.TestMethodWorker.run(TestMethodWorker.java:131)
at java.base/java.util.ArrayList.forEach(ArrayList.java:1597)
at org.testng.TestRunner.privateRun(TestRunner.java:819)
at org.testng.TestRunner.run(TestRunner.java:619)
at org.testng.SuiteRunner.runTest(SuiteRunner.java:443)
at org.testng.SuiteRunner.runSequentially(SuiteRunner.java:437)
at org.testng.SuiteRunner.privateRun(SuiteRunner.java:397)
at org.testng.SuiteRunner.run(SuiteRunner.java:336)
at org.testng.SuiteRunnerWorker.runSuite(SuiteRunnerWorker.java:52)
at org.testng.SuiteRunnerWorker.run(SuiteRunnerWorker.java:95)
at org.testng.TestNG.runSuitesSequentially(TestNG.java:1301)
at org.testng.TestNG.runSuitesLocally(TestNG.java:1228)
at org.testng.TestNG.runSuites(TestNG.java:1134)
at org.testng.TestNG.run(TestNG.java:1101)
at org.testng.remote.AbstractRemoteTestNG.run(AbstractRemoteTestNG.java:115)
at org.testng.remote.RemoteTestNG.initAndRun(RemoteTestNG.java:293)
at org.testng.remote.RemoteTestNG.main(RemoteTestNG.java:91)
]]>
    </error>
  </testcase> <!-- tearDownClass -->
  <testcase classname="testRunner.TestRunner" name="runScenario" time="31.442"/>
  <testcase classname="testRunner.TestRunner" name="runScenario" time="30.508"/>
  <testcase classname="testRunner.TestRunner" name="runScenario" time="29.987"/>
</testsuite> <!-- testRunner.TestRunner -->
